<?xml version="1.0" encoding="UTF-8"?>
<testsuite xmlns:xsi="http://www.w3.org/2001/XMLSchema-instance" xsi:noNamespaceSchemaLocation="https://maven.apache.org/surefire/maven-surefire-plugin/xsd/surefire-test-report.xsd" name="com.meulen.AppTest" time="0.058" tests="1" errors="0" skipped="0" failures="0">
  <properties>
    <property name="sun.desktop" value="windows"/>
    <property name="awt.toolkit" value="sun.awt.windows.WToolkit"/>
    <property name="file.encoding.pkg" value="sun.io"/>
    <property name="java.specification.version" value="1.8"/>
    <property name="sun.cpu.isalist" value="amd64"/>
    <property name="sun.jnu.encoding" value="Cp1252"/>
    <property name="java.class.path" value="C:\tmp\new-hue\hue\target\test-classes;C:\tmp\new-hue\hue\target\classes;C:\Users\MeulenHR\.m2\repository\junit\junit\4.11\junit-4.11.jar;C:\Users\MeulenHR\.m2\repository\org\hamcrest\hamcrest-core\1.3\hamcrest-core-1.3.jar;C:\Users\MeulenHR\.m2\repository\org\apache\httpcomponents\httpclient\4.5.6\httpclient-4.5.6.jar;C:\Users\MeulenHR\.m2\repository\org\apache\httpcomponents\httpcore\4.4.10\httpcore-4.4.10.jar;C:\Users\MeulenHR\.m2\repository\commons-logging\commons-logging\1.2\commons-logging-1.2.jar;C:\Users\MeulenHR\.m2\repository\commons-codec\commons-codec\1.10\commons-codec-1.10.jar;C:\Users\MeulenHR\.m2\repository\org\slf4j\slf4j-api\1.7.7\slf4j-api-1.7.7.jar;C:\Users\MeulenHR\.m2\repository\ch\qos\logback\logback-classic\1.2.3\logback-classic-1.2.3.jar;C:\Users\MeulenHR\.m2\repository\ch\qos\logback\logback-core\1.2.3\logback-core-1.2.3.jar;C:\Users\MeulenHR\.m2\repository\com\pi4j\pi4j-core\1.2-SNAPSHOT\pi4j-core-1.2-SNAPSHOT.jar;C:\Users\MeulenHR\.m2\repository\com\google\code\gson\gson\2.8.5\gson-2.8.5.jar;"/>
    <property name="java.vm.vendor" value="Oracle Corporation"/>
    <property name="sun.arch.data.model" value="64"/>
    <property name="user.variant" value=""/>
    <property name="java.vendor.url" value="http://java.oracle.com/"/>
    <property name="user.timezone" value=""/>
    <property name="user.country.format" value="NL"/>
    <property name="java.vm.specification.version" value="1.8"/>
    <property name="os.name" value="Windows 10"/>
    <property name="user.country" value="GB"/>
    <property name="sun.java.launcher" value="SUN_STANDARD"/>
    <property name="sun.boot.library.path" value="C:\Personal\jdk1.8.0_171\jre\bin"/>
    <property name="sun.java.command" value="C:\Users\MeulenHR\AppData\Local\Temp\surefire663927023643928926\surefirebooter574434939916633031.jar C:\Users\MeulenHR\AppData\Local\Temp\surefire663927023643928926 2018-12-09T22-45-05_529-jvmRun1 surefire8776053944490747659tmp surefire_08728165795669642117tmp"/>
    <property name="surefire.test.class.path" value="C:\tmp\new-hue\hue\target\test-classes;C:\tmp\new-hue\hue\target\classes;C:\Users\MeulenHR\.m2\repository\junit\junit\4.11\junit-4.11.jar;C:\Users\MeulenHR\.m2\repository\org\hamcrest\hamcrest-core\1.3\hamcrest-core-1.3.jar;C:\Users\MeulenHR\.m2\repository\org\apache\httpcomponents\httpclient\4.5.6\httpclient-4.5.6.jar;C:\Users\MeulenHR\.m2\repository\org\apache\httpcomponents\httpcore\4.4.10\httpcore-4.4.10.jar;C:\Users\MeulenHR\.m2\repository\commons-logging\commons-logging\1.2\commons-logging-1.2.jar;C:\Users\MeulenHR\.m2\repository\commons-codec\commons-codec\1.10\commons-codec-1.10.jar;C:\Users\MeulenHR\.m2\repository\org\slf4j\slf4j-api\1.7.7\slf4j-api-1.7.7.jar;C:\Users\MeulenHR\.m2\repository\ch\qos\logback\logback-classic\1.2.3\logback-classic-1.2.3.jar;C:\Users\MeulenHR\.m2\repository\ch\qos\logback\logback-core\1.2.3\logback-core-1.2.3.jar;C:\Users\MeulenHR\.m2\repository\com\pi4j\pi4j-core\1.2-SNAPSHOT\pi4j-core-1.2-SNAPSHOT.jar;C:\Users\MeulenHR\.m2\repository\com\google\code\gson\gson\2.8.5\gson-2.8.5.jar;"/>
    <property name="sun.cpu.endian" value="little"/>
    <property name="user.home" value="C:\Users\MeulenHR"/>
    <property name="user.language" value="en"/>
    <property name="java.specification.vendor" value="Oracle Corporation"/>
    <property name="java.home" value="C:\Personal\jdk1.8.0_171\jre"/>
    <property name="basedir" value="C:\tmp\new-hue\hue"/>
    <property name="file.separator" value="\"/>
    <property name="line.separator" value="&#10;"/>
    <property name="java.vm.specification.vendor" value="Oracle Corporation"/>
    <property name="java.specification.name" value="Java Platform API Specification"/>
    <property name="java.awt.graphicsenv" value="sun.awt.Win32GraphicsEnvironment"/>
    <property name="surefire.real.class.path" value="C:\Users\MeulenHR\AppData\Local\Temp\surefire663927023643928926\surefirebooter574434939916633031.jar"/>
    <property name="sun.boot.class.path" value="C:\Personal\jdk1.8.0_171\jre\lib\resources.jar;C:\Personal\jdk1.8.0_171\jre\lib\rt.jar;C:\Personal\jdk1.8.0_171\jre\lib\sunrsasign.jar;C:\Personal\jdk1.8.0_171\jre\lib\jsse.jar;C:\Personal\jdk1.8.0_171\jre\lib\jce.jar;C:\Personal\jdk1.8.0_171\jre\lib\charsets.jar;C:\Personal\jdk1.8.0_171\jre\lib\jfr.jar;C:\Personal\jdk1.8.0_171\jre\classes"/>
    <property name="user.script" value=""/>
    <property name="sun.management.compiler" value="HotSpot 64-Bit Tiered Compilers"/>
    <property name="java.runtime.version" value="1.8.0_171-b11"/>
    <property name="user.name" value="MeulenHR"/>
    <property name="path.separator" value=";"/>
    <property name="os.version" value="10.0"/>
    <property name="java.endorsed.dirs" value="C:\Personal\jdk1.8.0_171\jre\lib\endorsed"/>
    <property name="java.runtime.name" value="Java(TM) SE Runtime Environment"/>
    <property name="file.encoding" value="Cp1252"/>
    <property name="java.vm.name" value="Java HotSpot(TM) 64-Bit Server VM"/>
    <property name="localRepository" value="C:\Users\MeulenHR\.m2\repository"/>
    <property name="java.vendor.url.bug" value="http://bugreport.sun.com/bugreport/"/>
    <property name="java.io.tmpdir" value="C:\Users\MeulenHR\AppData\Local\Temp\"/>
    <property name="java.version" value="1.8.0_171"/>
    <property name="user.dir" value="C:\tmp\new-hue\hue"/>
    <property name="os.arch" value="amd64"/>
    <property name="java.vm.specification.name" value="Java Virtual Machine Specification"/>
    <property name="java.awt.printerjob" value="sun.awt.windows.WPrinterJob"/>
    <property name="user.language.format" value="nl"/>
    <property name="sun.os.patch.level" value=""/>
    <property name="java.library.path" value="C:\Personal\jdk1.8.0_171\jre\bin;C:\WINDOWS\Sun\Java\bin;C:\WINDOWS\system32;C:\WINDOWS;C:\Personal\conemu\ConEmu\Scripts;C:\Personal\conemu;C:\Personal\conemu\ConEmu;C:\Program Files (x86)\Common Files\Oracle\Java\javapath;C:\WINDOWS\system32;C:\WINDOWS;C:\WINDOWS\System32\Wbem;C:\WINDOWS\System32\WindowsPowerShell\v1.0\;C:\Program Files\SafeNet\Authentication\SAC\x64;C:\Program Files\SafeNet\Authentication\SAC\x32;C:\Program Files (x86)\Rabobank ICT\RVAPP;C:\Program Files (x86)\Matrox Imaging\Mil\DLL;C:\Program Files\Common Files\microsoft shared\OFFICE16\;C:\Users\MeulenHR\AppData\Local\Microsoft\WindowsApps;C:\Personal\Git\cmd;C:\Personal\apache-maven-3.6.0\bin;C:\Personal\jdk1.8.0_171\bin;C:\Personal\mysql-8.0.13-winx64\bin;C:\Personal\go\bin;C:\Personal\python371;C:\Personal\FirefoxPortable;C:\Personal\ibm-jdk-1.7_64\bin;C:\ProgramData\Microsoft\AppV\Client\Integration\472FE2E2-1229-402A-A5AD-8594D3AB4AF1\Root\VFS\ProgramFilesX86\Google\Chrome\Application\;;."/>
    <property name="java.vm.info" value="mixed mode"/>
    <property name="java.vendor" value="Oracle Corporation"/>
    <property name="java.vm.version" value="25.171-b11"/>
    <property name="java.ext.dirs" value="C:\Personal\jdk1.8.0_171\jre\lib\ext;C:\WINDOWS\Sun\Java\lib\ext"/>
    <property name="sun.io.unicode.encoding" value="UnicodeLittle"/>
    <property name="java.class.version" value="52.0"/>
  </properties>
  <testcase name="shouldAnswerWithTrue" classname="com.meulen.AppTest" time="0"/>
</testsuite>